[0m21:33:03.006853 [debug] [MainThread]: Sending event: {'category': 'dbt', 'action': 'invocation', 'label': 'start', 'context': [<snowplow_tracker.self_describing_json.SelfDescribingJson object at 0x00000223A277B280>, <snowplow_tracker.self_describing_json.SelfDescribingJson object at 0x00000223A515B3D0>, <snowplow_tracker.self_describing_json.SelfDescribingJson object at 0x00000223A515B1C0>]}


============================== 21:33:03.012351 | 46aff7b8-6247-4f10-97b4-7c7b9991bb45 ==============================
[0m21:33:03.012351 [info ] [MainThread]: Running with dbt=1.8.6
[0m21:33:03.013637 [debug] [MainThread]: running dbt with arguments {'printer_width': '80', 'indirect_selection': 'eager', 'write_json': 'True', 'log_cache_events': 'False', 'partial_parse': 'True', 'cache_selected_only': 'False', 'warn_error': 'None', 'debug': 'False', 'fail_fast': 'False', 'log_path': 'logs', 'profiles_dir': 'C:\\Users\\HARSH\\.dbt', 'version_check': 'True', 'use_colors': 'True', 'use_experimental_parser': 'False', 'no_print': 'None', 'quiet': 'False', 'empty': 'None', 'warn_error_options': 'WarnErrorOptions(include=[], exclude=[])', 'invocation_command': 'dbt init noora_health', 'static_parser': 'True', 'log_format': 'default', 'target_path': 'None', 'introspect': 'True', 'send_anonymous_usage_stats': 'True'}
[0m21:33:03.055221 [warn ] [MainThread]: [ConfigFolderDirectory]: Unable to parse dict {'dir': WindowsPath('C:/Users/HARSH/.dbt')}
[0m21:33:03.056421 [info ] [MainThread]: Creating dbt configuration folder at 
[0m21:33:03.061279 [debug] [MainThread]: Starter project path: C:\Users\HARSH\AppData\Local\Programs\Python\Python310\lib\site-packages\dbt\include\starter_project
[0m21:33:03.150290 [info ] [MainThread]: 
Your new dbt project "noora_health" was created!

For more information on how to configure the profiles.yml file,
please consult the dbt documentation here:

  https://docs.getdbt.com/docs/configure-your-profile

One more thing:

Need help? Don't hesitate to reach out to us via GitHub issues or on Slack:

  https://community.getdbt.com/

Happy modeling!

[0m21:33:03.153338 [info ] [MainThread]: Setting up your profile.
[0m21:34:20.000619 [info ] [MainThread]: Profile noora_health written to C:\Users\HARSH\.dbt\profiles.yml using target's profile_template.yml and your supplied values. Run 'dbt debug' to validate the connection.
[0m21:34:20.002042 [debug] [MainThread]: Command `dbt init` succeeded at 21:34:20.002042 after 77.09 seconds
[0m21:34:20.003265 [debug] [MainThread]: Sending event: {'category': 'dbt', 'action': 'invocation', 'label': 'end', 'context': [<snowplow_tracker.self_describing_json.SelfDescribingJson object at 0x00000223A277B280>, <snowplow_tracker.self_describing_json.SelfDescribingJson object at 0x00000223A514C190>, <snowplow_tracker.self_describing_json.SelfDescribingJson object at 0x00000223A24D6080>]}
[0m21:34:20.004786 [debug] [MainThread]: Flushing usage events
